Spark Command: /usr/local/openjdk-8/bin/java -cp /opt/spark/conf/:/opt/spark/jars/* -Xmx1g org.apache.spark.deploy.master.Master --host 10.0.100.80 --port 7077 --webui-port 9090
========================================
22/06/17 10:10:38 INFO Master: Started daemon with process name: 13@11abe0f350b2
22/06/17 10:10:38 INFO SignalUtils: Registered signal handler for TERM
22/06/17 10:10:38 INFO SignalUtils: Registered signal handler for HUP
22/06/17 10:10:38 INFO SignalUtils: Registered signal handler for INT
22/06/17 10:10:38 WARN NativeCodeLoader: Unable to load native-hadoop library for your platform... using builtin-java classes where applicable
22/06/17 10:10:39 INFO SecurityManager: Changing view acls to: root
22/06/17 10:10:39 INFO SecurityManager: Changing modify acls to: root
22/06/17 10:10:39 INFO SecurityManager: Changing view acls groups to: 
22/06/17 10:10:39 INFO SecurityManager: Changing modify acls groups to: 
22/06/17 10:10:39 INFO SecurityManager: SecurityManager: authentication disabled; ui acls disabled; users  with view permissions: Set(root); groups with view permissions: Set(); users  with modify permissions: Set(root); groups with modify permissions: Set()
22/06/17 10:10:39 INFO Utils: Successfully started service 'sparkMaster' on port 7077.
22/06/17 10:10:39 INFO Master: Starting Spark master at spark://10.0.100.80:7077
22/06/17 10:10:39 INFO Master: Running Spark version 2.4.8
22/06/17 10:10:39 INFO log: Logging initialized @1805ms to org.spark_project.jetty.util.log.Slf4jLog
22/06/17 10:10:39 INFO Server: jetty-9.4.z-SNAPSHOT; built: unknown; git: unknown; jvm 1.8.0_332-b09
22/06/17 10:10:39 INFO Server: Started @1924ms
22/06/17 10:10:39 INFO AbstractConnector: Started ServerConnector@451976e5{HTTP/1.1, (http/1.1)}{0.0.0.0:9090}
22/06/17 10:10:39 INFO Utils: Successfully started service 'MasterUI' on port 9090.
22/06/17 10:10:39 INFO ContextHandler: Started o.s.j.s.ServletContextHandler@4065f4f4{/app,null,AVAILABLE,@Spark}
22/06/17 10:10:39 INFO ContextHandler: Started o.s.j.s.ServletContextHandler@76c85af4{/app/json,null,AVAILABLE,@Spark}
22/06/17 10:10:39 INFO ContextHandler: Started o.s.j.s.ServletContextHandler@52bed06d{/,null,AVAILABLE,@Spark}
22/06/17 10:10:39 INFO ContextHandler: Started o.s.j.s.ServletContextHandler@5ce8126a{/json,null,AVAILABLE,@Spark}
22/06/17 10:10:39 INFO ContextHandler: Started o.s.j.s.ServletContextHandler@68c3fcf9{/static,null,AVAILABLE,@Spark}
22/06/17 10:10:39 INFO ContextHandler: Started o.s.j.s.ServletContextHandler@12c54a4d{/app/kill,null,AVAILABLE,@Spark}
22/06/17 10:10:39 INFO ContextHandler: Started o.s.j.s.ServletContextHandler@6b82caa1{/driver/kill,null,AVAILABLE,@Spark}
22/06/17 10:10:39 INFO MasterWebUI: Bound MasterWebUI to 0.0.0.0, and started at http://11abe0f350b2:9090
22/06/17 10:10:40 INFO ContextHandler: Started o.s.j.s.ServletContextHandler@d0765ef{/metrics/master/json,null,AVAILABLE,@Spark}
22/06/17 10:10:40 INFO ContextHandler: Started o.s.j.s.ServletContextHandler@2ad79e8a{/metrics/applications/json,null,AVAILABLE,@Spark}
22/06/17 10:10:40 INFO Master: I have been elected leader! New state: ALIVE
22/06/17 10:10:40 INFO Master: Registering worker 10.0.100.81:7078 with 1 cores, 1024.0 MB RAM
