Spark Command: /usr/local/openjdk-8/bin/java -cp /opt/spark/conf/:/opt/spark/jars/* -Xmx1g org.apache.spark.deploy.master.Master --host 10.0.100.80 --port 7077 --webui-port 9090
========================================
22/06/17 10:11:42 INFO Master: Started daemon with process name: 13@22069b266588
22/06/17 10:11:42 INFO SignalUtils: Registered signal handler for TERM
22/06/17 10:11:42 INFO SignalUtils: Registered signal handler for HUP
22/06/17 10:11:42 INFO SignalUtils: Registered signal handler for INT
22/06/17 10:11:42 WARN NativeCodeLoader: Unable to load native-hadoop library for your platform... using builtin-java classes where applicable
22/06/17 10:11:42 INFO SecurityManager: Changing view acls to: root
22/06/17 10:11:42 INFO SecurityManager: Changing modify acls to: root
22/06/17 10:11:42 INFO SecurityManager: Changing view acls groups to: 
22/06/17 10:11:42 INFO SecurityManager: Changing modify acls groups to: 
22/06/17 10:11:42 INFO SecurityManager: SecurityManager: authentication disabled; ui acls disabled; users  with view permissions: Set(root); groups with view permissions: Set(); users  with modify permissions: Set(root); groups with modify permissions: Set()
22/06/17 10:11:43 INFO Utils: Successfully started service 'sparkMaster' on port 7077.
22/06/17 10:11:43 INFO Master: Starting Spark master at spark://10.0.100.80:7077
22/06/17 10:11:43 INFO Master: Running Spark version 2.4.8
22/06/17 10:11:43 INFO log: Logging initialized @1640ms to org.spark_project.jetty.util.log.Slf4jLog
22/06/17 10:11:43 INFO Server: jetty-9.4.z-SNAPSHOT; built: unknown; git: unknown; jvm 1.8.0_332-b09
22/06/17 10:11:43 INFO Server: Started @1797ms
22/06/17 10:11:43 INFO AbstractConnector: Started ServerConnector@68551c28{HTTP/1.1, (http/1.1)}{0.0.0.0:9090}
22/06/17 10:11:43 INFO Utils: Successfully started service 'MasterUI' on port 9090.
22/06/17 10:11:43 INFO ContextHandler: Started o.s.j.s.ServletContextHandler@432734df{/app,null,AVAILABLE,@Spark}
22/06/17 10:11:43 INFO ContextHandler: Started o.s.j.s.ServletContextHandler@60d975c{/app/json,null,AVAILABLE,@Spark}
22/06/17 10:11:43 INFO ContextHandler: Started o.s.j.s.ServletContextHandler@6f664593{/,null,AVAILABLE,@Spark}
22/06/17 10:11:43 INFO ContextHandler: Started o.s.j.s.ServletContextHandler@812a3b0{/json,null,AVAILABLE,@Spark}
22/06/17 10:11:43 INFO ContextHandler: Started o.s.j.s.ServletContextHandler@62cf6299{/static,null,AVAILABLE,@Spark}
22/06/17 10:11:43 INFO ContextHandler: Started o.s.j.s.ServletContextHandler@7511766b{/app/kill,null,AVAILABLE,@Spark}
22/06/17 10:11:43 INFO ContextHandler: Started o.s.j.s.ServletContextHandler@4935af48{/driver/kill,null,AVAILABLE,@Spark}
22/06/17 10:11:43 INFO MasterWebUI: Bound MasterWebUI to 0.0.0.0, and started at http://22069b266588:9090
22/06/17 10:11:43 INFO ContextHandler: Started o.s.j.s.ServletContextHandler@142220f1{/metrics/master/json,null,AVAILABLE,@Spark}
22/06/17 10:11:43 INFO ContextHandler: Started o.s.j.s.ServletContextHandler@770c15c1{/metrics/applications/json,null,AVAILABLE,@Spark}
22/06/17 10:11:43 INFO Master: I have been elected leader! New state: ALIVE
22/06/17 10:11:54 INFO Master: Registering worker 10.0.100.81:7078 with 1 cores, 1024.0 MB RAM
