Spark Command: /usr/local/openjdk-8/bin/java -cp /opt/spark/conf/:/opt/spark/jars/* -Xmx1g org.apache.spark.deploy.master.Master --host 10.0.100.80 --port 7077 --webui-port 9090
========================================
22/06/17 10:09:05 INFO Master: Started daemon with process name: 13@3ffdc20dd643
22/06/17 10:09:05 INFO SignalUtils: Registered signal handler for TERM
22/06/17 10:09:05 INFO SignalUtils: Registered signal handler for HUP
22/06/17 10:09:05 INFO SignalUtils: Registered signal handler for INT
22/06/17 10:09:05 WARN NativeCodeLoader: Unable to load native-hadoop library for your platform... using builtin-java classes where applicable
22/06/17 10:09:05 INFO SecurityManager: Changing view acls to: root
22/06/17 10:09:05 INFO SecurityManager: Changing modify acls to: root
22/06/17 10:09:05 INFO SecurityManager: Changing view acls groups to: 
22/06/17 10:09:05 INFO SecurityManager: Changing modify acls groups to: 
22/06/17 10:09:05 INFO SecurityManager: SecurityManager: authentication disabled; ui acls disabled; users  with view permissions: Set(root); groups with view permissions: Set(); users  with modify permissions: Set(root); groups with modify permissions: Set()
22/06/17 10:09:06 INFO Utils: Successfully started service 'sparkMaster' on port 7077.
22/06/17 10:09:06 INFO Master: Starting Spark master at spark://10.0.100.80:7077
22/06/17 10:09:06 INFO Master: Running Spark version 2.4.8
22/06/17 10:09:06 INFO log: Logging initialized @1794ms to org.spark_project.jetty.util.log.Slf4jLog
22/06/17 10:09:06 INFO Server: jetty-9.4.z-SNAPSHOT; built: unknown; git: unknown; jvm 1.8.0_332-b09
22/06/17 10:09:06 INFO Server: Started @1925ms
22/06/17 10:09:06 INFO AbstractConnector: Started ServerConnector@642eca7f{HTTP/1.1, (http/1.1)}{0.0.0.0:9090}
22/06/17 10:09:06 INFO Utils: Successfully started service 'MasterUI' on port 9090.
22/06/17 10:09:06 INFO ContextHandler: Started o.s.j.s.ServletContextHandler@10f6b44c{/app,null,AVAILABLE,@Spark}
22/06/17 10:09:06 INFO ContextHandler: Started o.s.j.s.ServletContextHandler@7f6e1290{/app/json,null,AVAILABLE,@Spark}
22/06/17 10:09:06 INFO ContextHandler: Started o.s.j.s.ServletContextHandler@7c8b7556{/,null,AVAILABLE,@Spark}
22/06/17 10:09:06 INFO ContextHandler: Started o.s.j.s.ServletContextHandler@4b87050b{/json,null,AVAILABLE,@Spark}
22/06/17 10:09:06 INFO ContextHandler: Started o.s.j.s.ServletContextHandler@44f26479{/static,null,AVAILABLE,@Spark}
22/06/17 10:09:06 INFO ContextHandler: Started o.s.j.s.ServletContextHandler@fe4241c{/app/kill,null,AVAILABLE,@Spark}
22/06/17 10:09:06 INFO ContextHandler: Started o.s.j.s.ServletContextHandler@18c6d3be{/driver/kill,null,AVAILABLE,@Spark}
22/06/17 10:09:06 INFO MasterWebUI: Bound MasterWebUI to 0.0.0.0, and started at http://3ffdc20dd643:9090
22/06/17 10:09:06 INFO ContextHandler: Started o.s.j.s.ServletContextHandler@66f34899{/metrics/master/json,null,AVAILABLE,@Spark}
22/06/17 10:09:06 INFO ContextHandler: Started o.s.j.s.ServletContextHandler@2f444153{/metrics/applications/json,null,AVAILABLE,@Spark}
22/06/17 10:09:06 INFO Master: I have been elected leader! New state: ALIVE
